[2026-04-24T10:31:02.128094] [SUCCESS] CPU: 33.7% (12 cores) - OK
[2026-04-24T10:31:02.138639] [SUCCESS] Memory: 12.9GB / 15.6GB (82.8%) - OK
[2026-04-24T10:31:02.143319] [SUCCESS] Disk C:\: 834.7GB / 934.9GB (89.3%) - OK
[2026-04-24T10:31:02.147576] [WARNING] Disk D:\: 29.1GB / 29.1GB (100.0%) - LOW
[2026-04-24T10:31:02.152361] [SUCCESS] Disk J:\: 0.2GB / 29.3GB (0.6%) - OK
[2026-04-24T10:31:02.153363] [INFO] Checking server ports...
[2026-04-24T10:31:04.169537] [SUCCESS]   Web Server (:3000): RUNNING
[2026-04-24T10:31:05.248383] [SUCCESS]   API Server (:3001): RUNNING
[2026-04-24T10:31:06.336825] [SUCCESS]   Audio Server (:3002): RUNNING
[2026-04-24T10:31:07.916621] [SUCCESS] Found 11 Node.js process(es)
[2026-04-24T10:31:07.918126] [INFO]   PID 17524: 0.7MB RAM
[2026-04-24T10:31:07.919636] [INFO]   PID 20212: 89.7MB RAM
[2026-04-24T10:31:07.920145] [INFO]   PID 25272: 8.4MB RAM
[2026-04-24T10:31:07.920651] [INFO]   PID 25748: 89.7MB RAM
[2026-04-24T10:31:07.920651] [INFO]   PID 25816: 13.1MB RAM
[2026-04-24T10:31:07.920651] [INFO]   PID 26044: 10.8MB RAM
[2026-04-24T10:31:07.920651] [INFO]   PID 28260: 4.6MB RAM
[2026-04-24T10:31:07.922158] [INFO]   PID 30892: 33.3MB RAM
[2026-04-24T10:31:07.922158] [INFO]   PID 31712: 0.8MB RAM
[2026-04-24T10:31:07.922158] [INFO]   PID 32832: 232.0MB RAM
[2026-04-24T10:31:07.923160] [INFO]   PID 36836: 277.0MB RAM
[2026-04-24T10:31:07.923160] [INFO] Checking network connectivity...
[2026-04-24T10:31:30.019501] [ERROR]   Localhost (3000): FAIL
[2026-04-24T10:31:30.019501] [ERROR]   Internet: FAIL
